reading A0.npy

iter	    r norm	   eps pri	    s norm	  eps dual	 objective
   1	    0.0000	    0.2421	    6.3148	    0.0566	   1961.91
   2	   16.1889	    0.1892	    6.8699	    0.2185	   1913.52
   3	    1.4902	    0.2556	    6.7190	    0.2315	   1867.69
   4	    0.2189	    0.3207	    6.5124	    0.2303	   1824.68
   5	    0.3092	    0.3838	    6.3062	    0.2275	   1784.36
   6	    0.3162	    0.4448	    6.1059	    0.2247	   1746.57
   7	    0.3082	    0.5039	    5.9121	    0.2220	   1711.13
   8	    0.2986	    0.5612	    5.7247	    0.2193	   1677.91
   9	    0.2890	    0.6166	    5.5435	    0.2168	   1646.75
  10	    0.2797	    0.6703	    5.3682	    0.2143	   1617.54
  11	    0.2706	    0.7222	    5.1986	    0.2120	   1590.14
  12	    0.2621	    0.7726	    5.0346	    0.2097	   1564.45
  13	    0.2536	    0.8213	    4.8760	    0.2075	   1540.35
  14	    0.2454	    0.8685	    4.7225	    0.2054	   1517.74
  15	    0.2376	    0.9142	    4.5740	    0.2033	   1496.53
  16	    0.2304	    0.9585	    4.4304	    0.2014	   1476.63
  17	    0.2229	    1.0014	    4.2914	    0.1995	   1457.97
  18	    0.2155	    1.0429	    4.1569	    0.1976	   1440.45
  19	    0.2088	    1.0831	    4.0269	    0.1959	   1424.02
  20	    0.2021	    1.1221	    3.9010	    0.1942	   1408.59
  21	    0.1955	    1.1598	    3.7792	    0.1925	   1394.12
  22	    0.1894	    1.1964	    3.6613	    0.1909	   1380.53
  23	    0.1839	    1.2318	    3.5472	    0.1894	   1367.78
  24	    0.1778	    1.2661	    3.4368	    0.1880	   1355.80
  25	    0.1719	    1.2994	    3.3300	    0.1865	   1344.57
  26	    0.1668	    1.3316	    3.2265	    0.1852	   1334.01
  27	    0.1621	    1.3628	    3.1264	    0.1839	   1324.11
  28	    0.1564	    1.3930	    3.0296	    0.1826	   1314.81
  29	    0.1517	    1.4223	    2.9358	    0.1814	   1306.07
  30	    0.1464	    1.4507	    2.8451	    0.1802	   1297.87
  31	    0.1418	    1.4782	    2.7572	    0.1791	   1290.16
  32	    0.1373	    1.5048	    2.6722	    0.1780	   1282.93
  33	    0.1330	    1.5306	    2.5899	    0.1769	   1276.13
  34	    0.1290	    1.5556	    2.5102	    0.1759	   1269.75
  35	    0.1250	    1.5799	    2.4330	    0.1749	   1263.75
  36	    0.1209	    1.6034	    2.3584	    0.1740	   1258.11
  37	    0.1171	    1.6261	    2.2861	    0.1731	   1252.81
  38	    0.1134	    1.6482	    2.2160	    0.1722	   1247.84
  39	    0.1100	    1.6696	    2.1482	    0.1714	   1243.16
  40	    0.1065	    1.6903	    2.0826	    0.1705	   1238.77
  41	    0.1035	    1.7104	    2.0190	    0.1698	   1234.64
  42	    0.1005	    1.7298	    1.9574	    0.1690	   1230.76
  43	    0.0970	    1.7487	    1.8978	    0.1683	   1227.11
  44	    0.0940	    1.7670	    1.8400	    0.1676	   1223.68
  45	    0.0922	    1.7847	    1.7841	    0.1669	   1220.45
  46	    0.0882	    1.8019	    1.7300	    0.1662	   1217.42
  47	    0.0854	    1.8185	    1.6775	    0.1656	   1214.57
  48	    0.0829	    1.8347	    1.6267	    0.1650	   1211.89
  49	    0.0803	    1.8503	    1.5775	    0.1644	   1209.36
  50	    0.0777	    1.8655	    1.5298	    0.1638	   1206.99
  51	    0.0754	    1.8802	    1.4836	    0.1633	   1204.76
  52	    0.0734	    1.8945	    1.4389	    0.1628	   1202.67
  53	    0.0710	    1.9083	    1.3956	    0.1622	   1200.69
  54	    0.0687	    1.9217	    1.3536	    0.1617	   1198.84
  55	    0.0665	    1.9347	    1.3129	    0.1613	   1197.09
  56	    0.0647	    1.9473	    1.2735	    0.1608	   1195.45
  57	    0.0625	    1.9595	    1.2353	    0.1604	   1193.90
  58	    0.0606	    1.9713	    1.1983	    0.1599	   1192.45
  59	    0.0590	    1.9828	    1.1625	    0.1595	   1191.08
  60	    0.0572	    1.9939	    1.1277	    0.1591	   1189.79
  61	    0.0558	    2.0047	    1.0940	    0.1587	   1188.58
  62	    0.0537	    2.0152	    1.0614	    0.1584	   1187.44
  63	    0.0522	    2.0253	    1.0298	    0.1580	   1186.36
  64	    0.0507	    2.0352	    0.9991	    0.1577	   1185.35
  65	    0.0491	    2.0447	    0.9694	    0.1573	   1184.40
  66	    0.0476	    2.0539	    0.9406	    0.1570	   1183.50
  67	    0.0468	    2.0629	    0.9127	    0.1567	   1182.66
reading A26.npy
reading A15.npy
reading A29.npy
reading A17.npy
reading A18.npy
reading A16.npy
reading A2.npy
reading A8.npy
reading A28.npy
reading A3.npy
reading A14.npy
reading A24.npy
reading A30.npy
reading A19.npy
reading A10.npy
reading A4.npy
reading A27.npy
reading A12.npy
reading A22.npy
reading A6.npy
reading A20.npy
  68	    0.0448	    2.0716	    0.8856	    0.1564	   1181.86
  69	    0.0437	    2.0801	    0.8594	    0.1561	   1181.12
  70	    0.0420	    2.0882	    0.8340	    0.1558	   1180.41
  71	    0.0406	    2.0962	    0.8093	    0.1555	   1179.75
  72	    0.0396	    2.1039	    0.7854	    0.1553	   1179.12
  73	    0.0389	    2.1113	    0.7623	    0.1550	   1178.54
  74	    0.0371	    2.1186	    0.7399	    0.1548	   1177.98
  75	    0.0360	    2.1256	    0.7181	    0.1545	   1177.46
  76	    0.0351	    2.1324	    0.6970	    0.1543	   1176.97
  77	    0.0338	    2.1390	    0.6766	    0.1541	   1176.50
  78	    0.0328	    2.1454	    0.6567	    0.1539	   1176.07
  79	    0.0318	    2.1517	    0.6375	    0.1536	   1175.66
  80	    0.0309	    2.1577	    0.6189	    0.1534	   1175.27
  81	    0.0300	    2.1635	    0.6008	    0.1532	   1174.90
  82	    0.0291	    2.1692	    0.5833	    0.1531	   1174.56
  83	    0.0282	    2.1747	    0.5662	    0.1529	   1174.23
  84	    0.0279	    2.1801	    0.5497	    0.1527	   1173.93
  85	    0.0267	    2.1852	    0.5337	    0.1525	   1173.64
  86	    0.0259	    2.1903	    0.5182	    0.1524	   1173.37
  87	    0.0253	    2.1951	    0.5032	    0.1522	   1173.11
  88	    0.0243	    2.1999	    0.4886	    0.1520	   1172.87
  89	    0.0236	    2.2045	    0.4744	    0.1519	   1172.64
  90	    0.0229	    2.2089	    0.4607	    0.1517	   1172.43
  91	    0.0222	    2.2132	    0.4473	    0.1516	   1172.22
  92	    0.0222	    2.2174	    0.4344	    0.1515	   1172.03
  93	    0.0212	    2.2215	    0.4218	    0.1513	   1171.85
  94	    0.0206	    2.2254	    0.4097	    0.1512	   1171.68
  95	    0.0198	    2.2293	    0.3979	    0.1511	   1171.52
  96	    0.0191	    2.2330	    0.3864	    0.1510	   1171.37
  97	    0.0189	    2.2366	    0.3753	    0.1508	   1171.23
  98	    0.0180	    2.2401	    0.3645	    0.1507	   1171.09
  99	    0.0175	    2.2435	    0.3541	    0.1506	   1170.97
 100	    0.0170	    2.2468	    0.3439	    0.1505	   1170.85
 101	    0.0165	    2.2500	    0.3341	    0.1504	   1170.73
 102	    0.0162	    2.2531	    0.3245	    0.1503	   1170.63
 103	    0.0157	    2.2561	    0.3152	    0.1502	   1170.53
 104	    0.0151	    2.2590	    0.3062	    0.1501	   1170.43
 105	    0.0150	    2.2618	    0.2975	    0.1500	   1170.34
 106	    0.0142	    2.2646	    0.2890	    0.1500	   1170.26
 107	    0.0138	    2.2673	    0.2807	    0.1499	   1170.18
 108	    0.0139	    2.2699	    0.2727	    0.1498	   1170.10
 109	    0.0132	    2.2724	    0.2650	    0.1497	   1170.03
 110	    0.0126	    2.2748	    0.2575	    0.1496	   1169.96
 111	    0.0123	    2.2772	    0.2502	    0.1496	   1169.90
 112	    0.0120	    2.2795	    0.2431	    0.1495	   1169.84
 113	    0.0116	    2.2817	    0.2362	    0.1494	   1169.78
 114	    0.0112	    2.2839	    0.2295	    0.1493	   1169.73
 115	    0.0111	    2.2860	    0.2230	    0.1493	   1169.68
 116	    0.0107	    2.2880	    0.2167	    0.1492	   1169.63
 117	    0.0103	    2.2900	    0.2106	    0.1492	   1169.59
 118	    0.0100	    2.2919	    0.2047	    0.1491	   1169.55
 119	    0.0097	    2.2938	    0.1989	    0.1490	   1169.51
 120	    0.0094	    2.2956	    0.1933	    0.1490	   1169.47
 121	    0.0092	    2.2974	    0.1879	    0.1489	   1169.43
 122	    0.0089	    2.2991	    0.1826	    0.1489	   1169.40
 123	    0.0089	    2.3007	    0.1775	    0.1488	   1169.37
 124	    0.0084	    2.3023	    0.1725	    0.1488	   1169.34
 125	    0.0082	    2.3039	    0.1677	    0.1487	   1169.31
 126	    0.0081	    2.3054	    0.1630	    0.1487	   1169.28
 127	    0.0077	    2.3069	    0.1584	    0.1486	   1169.26
 128	    0.0075	    2.3083	    0.1540	    0.1486	   1169.23
 129	    0.0073	    2.3097	    0.1497	    0.1485	   1169.21
 130	    0.0071	    2.3110	    0.1455	    0.1485	   1169.19

Elapsed time is 684.67 seconds
objective value is : 1169.18728838
norm of x_hat is: 39.8536863421
reading A31.npy
reading A13.npy
reading A23.npy
reading A9.npy
reading A11.npy
reading A5.npy
reading A21.npy
reading A25.npy
reading A1.npy
reading A7.npy
